{"/home/hermes/Tencent/react/RNGStackCourse2018/src/modules/todo/ToDoApp.js": {"path":"/home/hermes/Tencent/react/RNGStackCourse2018/src/modules/todo/ToDoApp.js","statementMap":{"0":{"start":{"line":6,"column":15},"end":{"line":6,"column":33}},"1":{"start":{"line":18,"column":4},"end":{"line":24,"column":6}},"2":{"start":{"line":29,"column":4},"end":{"line":29,"column":39}},"3":{"start":{"line":30,"column":21},"end":{"line":32,"column":6}},"4":{"start":{"line":31,"column":6},"end":{"line":31,"column":27}},"5":{"start":{"line":33,"column":4},"end":{"line":33,"column":31}},"6":{"start":{"line":38,"column":14},"end":{"line":38,"column":33}},"7":{"start":{"line":39,"column":19},"end":{"line":39,"column":53}},"8":{"start":{"line":39,"column":40},"end":{"line":39,"column":52}},"9":{"start":{"line":42,"column":4},"end":{"line":66,"column":5}},"10":{"start":{"line":43,"column":6},"end":{"line":49,"column":8}},"11":{"start":{"line":51,"column":6},"end":{"line":51,"column":31}},"12":{"start":{"line":52,"column":6},"end":{"line":54,"column":8}},"13":{"start":{"line":58,"column":6},"end":{"line":58,"column":32}},"14":{"start":{"line":59,"column":24},"end":{"line":61,"column":8}},"15":{"start":{"line":60,"column":8},"end":{"line":60,"column":30}},"16":{"start":{"line":62,"column":6},"end":{"line":65,"column":8}},"17":{"start":{"line":70,"column":4},"end":{"line":82,"column":5}},"18":{"start":{"line":71,"column":6},"end":{"line":73,"column":8}},"19":{"start":{"line":74,"column":11},"end":{"line":82,"column":5}},"20":{"start":{"line":75,"column":6},"end":{"line":77,"column":8}},"21":{"start":{"line":79,"column":6},"end":{"line":81,"column":8}},"22":{"start":{"line":86,"column":16},"end":{"line":86,"column":35}},"23":{"start":{"line":87,"column":4},"end":{"line":89,"column":5}},"24":{"start":{"line":88,"column":6},"end":{"line":88,"column":39}},"25":{"start":{"line":90,"column":4},"end":{"line":102,"column":5}},"26":{"start":{"line":91,"column":6},"end":{"line":95,"column":8}},"27":{"start":{"line":97,"column":6},"end":{"line":101,"column":8}},"28":{"start":{"line":107,"column":4},"end":{"line":113,"column":5}},"29":{"start":{"line":108,"column":6},"end":{"line":112,"column":7}},"30":{"start":{"line":110,"column":10},"end":{"line":110,"column":69}},"31":{"start":{"line":117,"column":23},"end":{"line":117,"column":76}},"32":{"start":{"line":117,"column":58},"end":{"line":117,"column":75}},"33":{"start":{"line":118,"column":22},"end":{"line":118,"column":77}},"34":{"start":{"line":119,"column":20},"end":{"line":119,"column":75}},"35":{"start":{"line":120,"column":17},"end":{"line":120,"column":46}},"36":{"start":{"line":121,"column":4},"end":{"line":124,"column":6}},"37":{"start":{"line":127,"column":4},"end":{"line":148,"column":5}}},"fnMap":{"0":{"name":"(anonymous_0)","decl":{"start":{"line":17,"column":12},"end":{"line":17,"column":13}},"loc":{"start":{"line":17,"column":20},"end":{"line":26,"column":3}},"line":17},"1":{"name":"(anonymous_1)","decl":{"start":{"line":28,"column":15},"end":{"line":28,"column":16}},"loc":{"start":{"line":28,"column":21},"end":{"line":34,"column":3}},"line":28},"2":{"name":"(anonymous_2)","decl":{"start":{"line":30,"column":48},"end":{"line":30,"column":49}},"loc":{"start":{"line":30,"column":56},"end":{"line":32,"column":5}},"line":30},"3":{"name":"(anonymous_3)","decl":{"start":{"line":36,"column":14},"end":{"line":36,"column":15}},"loc":{"start":{"line":36,"column":34},"end":{"line":67,"column":3}},"line":36},"4":{"name":"(anonymous_4)","decl":{"start":{"line":39,"column":33},"end":{"line":39,"column":34}},"loc":{"start":{"line":39,"column":40},"end":{"line":39,"column":52}},"line":39},"5":{"name":"(anonymous_5)","decl":{"start":{"line":59,"column":49},"end":{"line":59,"column":50}},"loc":{"start":{"line":59,"column":58},"end":{"line":61,"column":7}},"line":59},"6":{"name":"(anonymous_6)","decl":{"start":{"line":69,"column":15},"end":{"line":69,"column":16}},"loc":{"start":{"line":69,"column":25},"end":{"line":83,"column":3}},"line":69},"7":{"name":"(anonymous_7)","decl":{"start":{"line":85,"column":13},"end":{"line":85,"column":14}},"loc":{"start":{"line":85,"column":19},"end":{"line":103,"column":3}},"line":85},"8":{"name":"(anonymous_8)","decl":{"start":{"line":106,"column":13},"end":{"line":106,"column":14}},"loc":{"start":{"line":106,"column":27},"end":{"line":114,"column":3}},"line":106},"9":{"name":"(anonymous_9)","decl":{"start":{"line":107,"column":11},"end":{"line":107,"column":12}},"loc":{"start":{"line":107,"column":29},"end":{"line":113,"column":5}},"line":107},"10":{"name":"(anonymous_10)","decl":{"start":{"line":109,"column":26},"end":{"line":109,"column":27}},"loc":{"start":{"line":109,"column":42},"end":{"line":111,"column":9}},"line":109},"11":{"name":"(anonymous_11)","decl":{"start":{"line":116,"column":18},"end":{"line":116,"column":19}},"loc":{"start":{"line":116,"column":24},"end":{"line":125,"column":3}},"line":116},"12":{"name":"(anonymous_12)","decl":{"start":{"line":117,"column":50},"end":{"line":117,"column":51}},"loc":{"start":{"line":117,"column":58},"end":{"line":117,"column":75}},"line":117},"13":{"name":"(anonymous_13)","decl":{"start":{"line":126,"column":2},"end":{"line":126,"column":3}},"loc":{"start":{"line":126,"column":11},"end":{"line":149,"column":3}},"line":126}},"branchMap":{"0":{"loc":{"start":{"line":29,"column":4},"end":{"line":29,"column":39}},"type":"cond-expr","locations":[{"start":{"line":29,"column":26},"end":{"line":29,"column":33}},{"start":{"line":29,"column":37},"end":{"line":29,"column":39}}],"line":29},"1":{"loc":{"start":{"line":42,"column":4},"end":{"line":66,"column":5}},"type":"if","locations":[{"start":{"line":42,"column":4},"end":{"line":66,"column":5}},{"start":{"line":42,"column":4},"end":{"line":66,"column":5}}],"line":42},"2":{"loc":{"start":{"line":70,"column":4},"end":{"line":82,"column":5}},"type":"if","locations":[{"start":{"line":70,"column":4},"end":{"line":82,"column":5}},{"start":{"line":70,"column":4},"end":{"line":82,"column":5}}],"line":70},"3":{"loc":{"start":{"line":74,"column":11},"end":{"line":82,"column":5}},"type":"if","locations":[{"start":{"line":74,"column":11},"end":{"line":82,"column":5}},{"start":{"line":74,"column":11},"end":{"line":82,"column":5}}],"line":74},"4":{"loc":{"start":{"line":90,"column":4},"end":{"line":102,"column":5}},"type":"if","locations":[{"start":{"line":90,"column":4},"end":{"line":102,"column":5}},{"start":{"line":90,"column":4},"end":{"line":102,"column":5}}],"line":90},"5":{"loc":{"start":{"line":110,"column":17},"end":{"line":110,"column":69}},"type":"binary-expr","locations":[{"start":{"line":110,"column":17},"end":{"line":110,"column":39}},{"start":{"line":110,"column":43},"end":{"line":110,"column":69}}],"line":110}},"s":{"0":2,"1":0,"2":2,"3":2,"4":6,"5":2,"6":0,"7":0,"8":0,"9":0,"10":0,"11":0,"12":0,"13":0,"14":0,"15":0,"16":0,"17":0,"18":0,"19":0,"20":0,"21":0,"22":0,"23":0,"24":0,"25":0,"26":0,"27":0,"28":0,"29":0,"30":0,"31":0,"32":0,"33":0,"34":0,"35":0,"36":0,"37":0},"f":{"0":0,"1":2,"2":6,"3":0,"4":0,"5":0,"6":0,"7":0,"8":0,"9":0,"10":0,"11":0,"12":0,"13":0},"b":{"0":[0,2],"1":[0,0],"2":[0,0],"3":[0,0],"4":[0,0],"5":[0,0]},"_coverageSchema":"332fd63041d2c1bcb487cc26dd0d5f7d97098a6c","hash":"a41ffe6b64f9778c6b6da4877ec64462ef04ff43"}
,"/home/hermes/Tencent/react/RNGStackCourse2018/src/modules/todo/ToDoFooter.js": {"path":"/home/hermes/Tencent/react/RNGStackCourse2018/src/modules/todo/ToDoFooter.js","statementMap":{"0":{"start":{"line":5,"column":12},"end":{"line":5,"column":52}},"1":{"start":{"line":5,"column":33},"end":{"line":5,"column":51}},"2":{"start":{"line":6,"column":2},"end":{"line":17,"column":3}},"3":{"start":{"line":12,"column":23},"end":{"line":12,"column":38}},"4":{"start":{"line":21,"column":2},"end":{"line":42,"column":3}},"5":{"start":{"line":25,"column":23},"end":{"line":25,"column":40}},"6":{"start":{"line":31,"column":23},"end":{"line":31,"column":43}},"7":{"start":{"line":37,"column":23},"end":{"line":37,"column":45}}},"fnMap":{"0":{"name":"ToDoFooter","decl":{"start":{"line":4,"column":24},"end":{"line":4,"column":34}},"loc":{"start":{"line":4,"column":73},"end":{"line":18,"column":1}},"line":4},"1":{"name":"(anonymous_1)","decl":{"start":{"line":5,"column":25},"end":{"line":5,"column":26}},"loc":{"start":{"line":5,"column":33},"end":{"line":5,"column":51}},"line":5},"2":{"name":"(anonymous_2)","decl":{"start":{"line":12,"column":17},"end":{"line":12,"column":18}},"loc":{"start":{"line":12,"column":23},"end":{"line":12,"column":38}},"line":12},"3":{"name":"ToDoFooterFilters","decl":{"start":{"line":20,"column":9},"end":{"line":20,"column":26}},"loc":{"start":{"line":20,"column":43},"end":{"line":43,"column":1}},"line":20},"4":{"name":"(anonymous_4)","decl":{"start":{"line":25,"column":17},"end":{"line":25,"column":18}},"loc":{"start":{"line":25,"column":23},"end":{"line":25,"column":40}},"line":25},"5":{"name":"(anonymous_5)","decl":{"start":{"line":31,"column":17},"end":{"line":31,"column":18}},"loc":{"start":{"line":31,"column":23},"end":{"line":31,"column":43}},"line":31},"6":{"name":"(anonymous_6)","decl":{"start":{"line":37,"column":17},"end":{"line":37,"column":18}},"loc":{"start":{"line":37,"column":23},"end":{"line":37,"column":45}},"line":37}},"branchMap":{},"s":{"0":0,"1":0,"2":0,"3":0,"4":0,"5":0,"6":0,"7":0},"f":{"0":0,"1":0,"2":0,"3":0,"4":0,"5":0,"6":0},"b":{},"_coverageSchema":"332fd63041d2c1bcb487cc26dd0d5f7d97098a6c","hash":"0732335e328f68b354e199a0155b27df0bfd304c"}
,"/home/hermes/Tencent/react/RNGStackCourse2018/src/modules/todo/ToDoForm.js": {"path":"/home/hermes/Tencent/react/RNGStackCourse2018/src/modules/todo/ToDoForm.js","statementMap":{"0":{"start":{"line":6,"column":4},"end":{"line":9,"column":5}},"1":{"start":{"line":7,"column":6},"end":{"line":7,"column":24}},"2":{"start":{"line":8,"column":6},"end":{"line":8,"column":40}},"3":{"start":{"line":13,"column":4},"end":{"line":30,"column":5}},"4":{"start":{"line":25,"column":25},"end":{"line":25,"column":46}}},"fnMap":{"0":{"name":"(anonymous_0)","decl":{"start":{"line":5,"column":13},"end":{"line":5,"column":14}},"loc":{"start":{"line":5,"column":18},"end":{"line":10,"column":3}},"line":5},"1":{"name":"(anonymous_1)","decl":{"start":{"line":12,"column":2},"end":{"line":12,"column":3}},"loc":{"start":{"line":12,"column":11},"end":{"line":31,"column":3}},"line":12},"2":{"name":"(anonymous_2)","decl":{"start":{"line":25,"column":19},"end":{"line":25,"column":20}},"loc":{"start":{"line":25,"column":25},"end":{"line":25,"column":46}},"line":25}},"branchMap":{"0":{"loc":{"start":{"line":6,"column":4},"end":{"line":9,"column":5}},"type":"if","locations":[{"start":{"line":6,"column":4},"end":{"line":9,"column":5}},{"start":{"line":6,"column":4},"end":{"line":9,"column":5}}],"line":6}},"s":{"0":0,"1":0,"2":0,"3":0,"4":0},"f":{"0":0,"1":0,"2":0},"b":{"0":[0,0]},"_coverageSchema":"332fd63041d2c1bcb487cc26dd0d5f7d97098a6c","hash":"a94b92ab7b04c1ea9af539d87dd70fdc6cea7419"}
,"/home/hermes/Tencent/react/RNGStackCourse2018/src/modules/todo/ToDoList.js": {"path":"/home/hermes/Tencent/react/RNGStackCourse2018/src/modules/todo/ToDoList.js","statementMap":{"0":{"start":{"line":5,"column":2},"end":{"line":26,"column":3}},"1":{"start":{"line":12,"column":10},"end":{"line":12,"column":44}},"2":{"start":{"line":13,"column":10},"end":{"line":13,"column":74}},"3":{"start":{"line":21,"column":23},"end":{"line":21,"column":54}},"4":{"start":{"line":30,"column":18},"end":{"line":30,"column":29}},"5":{"start":{"line":31,"column":2},"end":{"line":39,"column":3}},"6":{"start":{"line":32,"column":4},"end":{"line":32,"column":27}},"7":{"start":{"line":33,"column":9},"end":{"line":39,"column":3}},"8":{"start":{"line":34,"column":4},"end":{"line":34,"column":28}},"9":{"start":{"line":36,"column":22},"end":{"line":36,"column":70}},"10":{"start":{"line":37,"column":23},"end":{"line":37,"column":71}},"11":{"start":{"line":38,"column":4},"end":{"line":38,"column":48}},"12":{"start":{"line":40,"column":2},"end":{"line":57,"column":3}},"13":{"start":{"line":46,"column":10},"end":{"line":54,"column":12}}},"fnMap":{"0":{"name":"ToDoItem","decl":{"start":{"line":4,"column":9},"end":{"line":4,"column":17}},"loc":{"start":{"line":4,"column":25},"end":{"line":27,"column":1}},"line":4},"1":{"name":"(anonymous_1)","decl":{"start":{"line":11,"column":18},"end":{"line":11,"column":19}},"loc":{"start":{"line":11,"column":24},"end":{"line":14,"column":9}},"line":11},"2":{"name":"(anonymous_2)","decl":{"start":{"line":21,"column":17},"end":{"line":21,"column":18}},"loc":{"start":{"line":21,"column":23},"end":{"line":21,"column":54}},"line":21},"3":{"name":"ToDoList","decl":{"start":{"line":29,"column":24},"end":{"line":29,"column":32}},"loc":{"start":{"line":29,"column":40},"end":{"line":58,"column":1}},"line":29},"4":{"name":"(anonymous_4)","decl":{"start":{"line":45,"column":13},"end":{"line":45,"column":14}},"loc":{"start":{"line":46,"column":10},"end":{"line":54,"column":12}},"line":46}},"branchMap":{"0":{"loc":{"start":{"line":31,"column":2},"end":{"line":39,"column":3}},"type":"if","locations":[{"start":{"line":31,"column":2},"end":{"line":39,"column":3}},{"start":{"line":31,"column":2},"end":{"line":39,"column":3}}],"line":31},"1":{"loc":{"start":{"line":33,"column":9},"end":{"line":39,"column":3}},"type":"if","locations":[{"start":{"line":33,"column":9},"end":{"line":39,"column":3}},{"start":{"line":33,"column":9},"end":{"line":39,"column":3}}],"line":33}},"s":{"0":0,"1":0,"2":0,"3":0,"4":0,"5":0,"6":0,"7":0,"8":0,"9":0,"10":0,"11":0,"12":0,"13":0},"f":{"0":0,"1":0,"2":0,"3":0,"4":0},"b":{"0":[0,0],"1":[0,0]},"_coverageSchema":"332fd63041d2c1bcb487cc26dd0d5f7d97098a6c","hash":"50bf81cae4ad4735efa09e7f98cb6cf70e14ecbb"}
,"/home/hermes/Tencent/react/RNGStackCourse2018/src/modules/todo/ToDoStyles.js": {"path":"/home/hermes/Tencent/react/RNGStackCourse2018/src/modules/todo/ToDoStyles.js","statementMap":{},"fnMap":{},"branchMap":{},"s":{},"f":{},"b":{},"_coverageSchema":"332fd63041d2c1bcb487cc26dd0d5f7d97098a6c","hash":"344daf3970889c94209baadd4e12feef559738bd"}
,"/home/hermes/Tencent/react/RNGStackCourse2018/test/jestsetup.js": {"path":"/home/hermes/Tencent/react/RNGStackCourse2018/test/jestsetup.js","statementMap":{"0":{"start":{"line":4,"column":0},"end":{"line":4,"column":44}},"1":{"start":{"line":6,"column":0},"end":{"line":6,"column":24}},"2":{"start":{"line":7,"column":0},"end":{"line":7,"column":22}},"3":{"start":{"line":8,"column":0},"end":{"line":8,"column":20}}},"fnMap":{},"branchMap":{},"s":{"0":2,"1":2,"2":2,"3":2},"f":{},"b":{},"_coverageSchema":"332fd63041d2c1bcb487cc26dd0d5f7d97098a6c","hash":"de2fa08d6667855fbdf8b4ea53e10aa1de42f983"}
}
