TN:
SF:/home/hermes/Tencent/react/RNGStackCourse2018/src/modules/todo/ToDoApp.js
FN:17,(anonymous_0)
FN:28,(anonymous_1)
FN:30,(anonymous_2)
FN:36,(anonymous_3)
FN:39,(anonymous_4)
FN:59,(anonymous_5)
FN:69,(anonymous_6)
FN:85,(anonymous_7)
FN:106,(anonymous_8)
FN:107,(anonymous_9)
FN:109,(anonymous_10)
FN:116,(anonymous_11)
FN:117,(anonymous_12)
FN:126,(anonymous_13)
FNF:14
FNH:2
FNDA:0,(anonymous_0)
FNDA:2,(anonymous_1)
FNDA:6,(anonymous_2)
FNDA:0,(anonymous_3)
FNDA:0,(anonymous_4)
FNDA:0,(anonymous_5)
FNDA:0,(anonymous_6)
FNDA:0,(anonymous_7)
FNDA:0,(anonymous_8)
FNDA:0,(anonymous_9)
FNDA:0,(anonymous_10)
FNDA:0,(anonymous_11)
FNDA:0,(anonymous_12)
FNDA:0,(anonymous_13)
DA:6,2
DA:18,0
DA:29,2
DA:30,2
DA:31,6
DA:33,2
DA:38,0
DA:39,0
DA:42,0
DA:43,0
DA:51,0
DA:52,0
DA:58,0
DA:59,0
DA:60,0
DA:62,0
DA:70,0
DA:71,0
DA:74,0
DA:75,0
DA:79,0
DA:86,0
DA:87,0
DA:88,0
DA:90,0
DA:91,0
DA:97,0
DA:107,0
DA:108,0
DA:110,0
DA:117,0
DA:118,0
DA:119,0
DA:120,0
DA:121,0
DA:127,0
LF:36
LH:5
BRDA:29,0,0,0
BRDA:29,0,1,2
BRDA:42,1,0,0
BRDA:42,1,1,0
BRDA:70,2,0,0
BRDA:70,2,1,0
BRDA:74,3,0,0
BRDA:74,3,1,0
BRDA:90,4,0,0
BRDA:90,4,1,0
BRDA:110,5,0,0
BRDA:110,5,1,0
BRF:12
BRH:1
end_of_record
TN:
SF:/home/hermes/Tencent/react/RNGStackCourse2018/src/modules/todo/ToDoFooter.js
FN:4,ToDoFooter
FN:5,(anonymous_1)
FN:12,(anonymous_2)
FN:20,ToDoFooterFilters
FN:25,(anonymous_4)
FN:31,(anonymous_5)
FN:37,(anonymous_6)
FNF:7
FNH:0
FNDA:0,ToDoFooter
FNDA:0,(anonymous_1)
FNDA:0,(anonymous_2)
FNDA:0,ToDoFooterFilters
FNDA:0,(anonymous_4)
FNDA:0,(anonymous_5)
FNDA:0,(anonymous_6)
DA:5,0
DA:6,0
DA:12,0
DA:21,0
DA:25,0
DA:31,0
DA:37,0
LF:7
LH:0
BRF:0
BRH:0
end_of_record
TN:
SF:/home/hermes/Tencent/react/RNGStackCourse2018/src/modules/todo/ToDoForm.js
FN:5,(anonymous_0)
FN:12,(anonymous_1)
FN:25,(anonymous_2)
FNF:3
FNH:0
FNDA:0,(anonymous_0)
FNDA:0,(anonymous_1)
FNDA:0,(anonymous_2)
DA:6,0
DA:7,0
DA:8,0
DA:13,0
DA:25,0
LF:5
LH:0
BRDA:6,0,0,0
BRDA:6,0,1,0
BRF:2
BRH:0
end_of_record
TN:
SF:/home/hermes/Tencent/react/RNGStackCourse2018/src/modules/todo/ToDoList.js
FN:4,ToDoItem
FN:11,(anonymous_1)
FN:21,(anonymous_2)
FN:29,ToDoList
FN:45,(anonymous_4)
FNF:5
FNH:0
FNDA:0,ToDoItem
FNDA:0,(anonymous_1)
FNDA:0,(anonymous_2)
FNDA:0,ToDoList
FNDA:0,(anonymous_4)
DA:5,0
DA:12,0
DA:13,0
DA:21,0
DA:30,0
DA:31,0
DA:32,0
DA:33,0
DA:34,0
DA:36,0
DA:37,0
DA:38,0
DA:40,0
DA:46,0
LF:14
LH:0
BRDA:31,0,0,0
BRDA:31,0,1,0
BRDA:33,1,0,0
BRDA:33,1,1,0
BRF:4
BRH:0
end_of_record
TN:
SF:/home/hermes/Tencent/react/RNGStackCourse2018/src/modules/todo/ToDoStyles.js
FNF:0
FNH:0
LF:0
LH:0
BRF:0
BRH:0
end_of_record
TN:
SF:/home/hermes/Tencent/react/RNGStackCourse2018/test/jestsetup.js
FNF:0
FNH:0
DA:4,2
DA:6,2
DA:7,2
DA:8,2
LF:4
LH:4
BRF:0
BRH:0
end_of_record
